<?xml version="1.0" encoding="UTF-8"?>
<!-- Generated by org.testng.reporters.JUnitXMLReporter -->
<testsuite hostname="Chowdary" ignored="1" name="Default test" tests="1" failures="0" timestamp="13 Oct 2017 06:23:06 GMT" time="24.418" errors="0">
  <testcase name="selectContactsTest" time="0.752" classname="com.crm.qa.testcases.ContactsPageTest"/>
  <testcase name="validateNewContacts" time="0.0" classname="com.crm.qa.testcases.ContactsPageTest">
    <ignored/>
  </testcase> <!-- validateNewContacts -->
</testsuite> <!-- Default test -->
