<?xml version="1.0" encoding="UTF-8"?>
<!-- Generated by org.testng.reporters.JUnitXMLReporter -->
<testsuite hostname="Chowdary" ignored="3" name="Test" tests="9" failures="0" timestamp="14 Oct 2017 15:25:21 GMT" time="264.647" errors="0">
  <testcase name="signUpTest" time="5.889" classname="com.crm.qa.testcases.SignUpPageTest"/>
  <testcase name="loginPageTitleTest" time="0.023" classname="com.crm.qa.testcases.LoginPageTest"/>
  <testcase name="loginTest" time="14.541" classname="com.crm.qa.testcases.LoginPageTest"/>
  <testcase name="selectContactsTest" time="0.254" classname="com.crm.qa.testcases.ContactsPageTest"/>
  <testcase name="validateNewContacts" time="8.258" classname="com.crm.qa.testcases.ContactsPageTest"/>
  <testcase name="validateNewContacts" time="9.153" classname="com.crm.qa.testcases.ContactsPageTest"/>
  <testcase name="validateNewContacts" time="8.66" classname="com.crm.qa.testcases.ContactsPageTest"/>
  <testcase name="verifyContactsLinkTest" time="2.878" classname="com.crm.qa.testcases.HomePageTest"/>
  <testcase name="verifyUsernameTest" time="0.598" classname="com.crm.qa.testcases.HomePageTest"/>
  <testcase name="crmLogoTest" time="0.0" classname="com.crm.qa.testcases.LoginPageTest">
    <ignored/>
  </testcase> <!-- crmLogoTest -->
  <testcase name="signupLinkTest" time="0.0" classname="com.crm.qa.testcases.LoginPageTest">
    <ignored/>
  </testcase> <!-- signupLinkTest -->
  <testcase name="verifyHomePageTitleTest" time="0.0" classname="com.crm.qa.testcases.HomePageTest">
    <ignored/>
  </testcase> <!-- verifyHomePageTitleTest -->
</testsuite> <!-- Test -->
